2014-05-20 13:57:14.081 HelloCordova[2010:70b] Multi-tasking -> Device: YES, App: YES
2014-05-20 13:57:14.115 HelloCordova[2010:70b] Unlimited access to network resources
2014-05-20 13:57:14.307 HelloCordova[2010:70b] [CDVTimer][keyboard] 0.396013ms
2014-05-20 13:57:14.308 HelloCordova[2010:70b] CDVPlugin class CDVStatusBar (pluginName: statusbar) does not exist.
2014-05-20 13:57:14.308 HelloCordova[2010:70b] [CDVTimer][statusbar] 0.481963ms
2014-05-20 13:57:14.309 HelloCordova[2010:70b] [CDVTimer][TotalPluginStartup] 1.993001ms
2014-05-20 13:57:14.544 HelloCordova[2010:70b] Resetting plugins due to page load.
2014-05-20 13:57:14.922 HelloCordova[2010:70b] Finished load of: file:///Users/Maskinen/Library/Application%20Support/iPhone%20Simulator/7.1/Applications/8513880E-6278-4776-88CA-5BEFB39BC9D0/HelloCordova.app/www/index.html#/tab/dash
2014-05-20 14:17:33.404 HelloCordova[2576:70b] Multi-tasking -> Device: YES, App: YES
2014-05-20 14:17:33.454 HelloCordova[2576:70b] Unlimited access to network resources
2014-05-20 14:17:33.656 HelloCordova[2576:70b] [CDVTimer][keyboard] 0.124991ms
2014-05-20 14:17:33.657 HelloCordova[2576:70b] CDVPlugin class CDVStatusBar (pluginName: statusbar) does not exist.
2014-05-20 14:17:33.657 HelloCordova[2576:70b] [CDVTimer][statusbar] 0.559986ms
2014-05-20 14:17:33.658 HelloCordova[2576:70b] [CDVTimer][TotalPluginStartup] 2.066016ms
2014-05-20 14:17:33.933 HelloCordova[2576:70b] Resetting plugins due to page load.
2014-05-20 14:17:34.356 HelloCordova[2576:70b] Finished load of: file:///Users/Maskinen/Library/Application%20Support/iPhone%20Simulator/7.1/Applications/8513880E-6278-4776-88CA-5BEFB39BC9D0/HelloCordova.app/www/index.html#/tab/dash
2014-05-20 14:18:55.844 HelloCordova[2576:70b] Received memory warning.
2014-05-21 09:32:30.748 HelloCordova[4887:70b] Multi-tasking -> Device: YES, App: YES
2014-05-21 09:32:30.785 HelloCordova[4887:70b] Unlimited access to network resources
2014-05-21 09:32:30.792 HelloCordova[4887:70b] Fix applied for database locations?: YES
2014-05-21 09:32:31.090 HelloCordova[4887:70b] [CDVTimer][keyboard] 0.389993ms
2014-05-21 09:32:31.092 HelloCordova[4887:70b] CDVPlugin class CDVStatusBar (pluginName: statusbar) does not exist.
2014-05-21 09:32:31.093 HelloCordova[4887:70b] [CDVTimer][statusbar] 1.347005ms
2014-05-21 09:32:31.094 HelloCordova[4887:70b] [CDVTimer][TotalPluginStartup] 4.615009ms
2014-05-21 09:32:31.342 HelloCordova[4887:70b] Resetting plugins due to page load.
2014-05-21 09:32:31.800 HelloCordova[4887:70b] Finished load of: file:///Users/Maskinen/Library/Application%20Support/iPhone%20Simulator/7.1/Applications/A1F918ED-B7B0-4F80-9F7E-35614DD2C9C1/HelloCordova.app/www/index.html#/tab/map
2014-05-21 09:58:39.420 HelloCordova[5617:70b] Multi-tasking -> Device: YES, App: YES
2014-05-21 09:58:39.470 HelloCordova[5617:70b] Unlimited access to network resources
2014-05-21 09:58:40.064 HelloCordova[5617:70b] [CDVTimer][keyboard] 0.380993ms
2014-05-21 09:58:40.065 HelloCordova[5617:70b] CDVPlugin class CDVStatusBar (pluginName: statusbar) does not exist.
2014-05-21 09:58:40.066 HelloCordova[5617:70b] [CDVTimer][statusbar] 0.779986ms
2014-05-21 09:58:40.068 HelloCordova[5617:70b] [CDVTimer][TotalPluginStartup] 3.829002ms
2014-05-21 09:58:40.517 HelloCordova[5617:70b] Resetting plugins due to page load.
2014-05-21 09:58:41.493 HelloCordova[5617:70b] Finished load of: file:///Users/Maskinen/Library/Application%20Support/iPhone%20Simulator/7.1/Applications/A1F918ED-B7B0-4F80-9F7E-35614DD2C9C1/HelloCordova.app/www/index.html#/tab/map
2014-05-21 12:06:26.312 HelloCordova[7502:70b] Multi-tasking -> Device: YES, App: YES
2014-05-21 12:06:26.351 HelloCordova[7502:70b] Unlimited access to network resources
2014-05-21 12:06:26.631 HelloCordova[7502:70b] [CDVTimer][keyboard] 0.121951ms
2014-05-21 12:06:26.632 HelloCordova[7502:70b] CDVPlugin class CDVStatusBar (pluginName: statusbar) does not exist.
2014-05-21 12:06:26.632 HelloCordova[7502:70b] [CDVTimer][statusbar] 0.636995ms
2014-05-21 12:06:26.633 HelloCordova[7502:70b] [CDVTimer][TotalPluginStartup] 2.040982ms
2014-05-21 12:06:26.931 HelloCordova[7502:70b] Resetting plugins due to page load.
2014-05-21 12:06:27.929 HelloCordova[7502:70b] Finished load of: file:///Users/Maskinen/Library/Application%20Support/iPhone%20Simulator/7.1/Applications/A1F918ED-B7B0-4F80-9F7E-35614DD2C9C1/HelloCordova.app/www/index.html#/tab/map
2014-05-21 12:24:55.662 HelloCordova[8126:70b] Multi-tasking -> Device: YES, App: YES
2014-05-21 12:24:55.696 HelloCordova[8126:70b] Unlimited access to network resources
2014-05-21 12:24:56.041 HelloCordova[8126:70b] [CDVTimer][keyboard] 1.027942ms
2014-05-21 12:24:56.042 HelloCordova[8126:70b] CDVPlugin class CDVStatusBar (pluginName: statusbar) does not exist.
2014-05-21 12:24:56.042 HelloCordova[8126:70b] [CDVTimer][statusbar] 0.611007ms
2014-05-21 12:24:56.043 HelloCordova[8126:70b] [CDVTimer][TotalPluginStartup] 2.880991ms
2014-05-21 12:24:56.408 HelloCordova[8126:70b] Resetting plugins due to page load.
2014-05-21 12:24:57.001 HelloCordova[8126:70b] Finished load of: file:///Users/Maskinen/Library/Application%20Support/iPhone%20Simulator/7.1/Applications/A1F918ED-B7B0-4F80-9F7E-35614DD2C9C1/HelloCordova.app/www/index.html#/tab/map
2014-05-21 12:35:03.441 HelloCordova[8661:70b] Multi-tasking -> Device: YES, App: YES
2014-05-21 12:35:03.463 HelloCordova[8661:70b] Unlimited access to network resources
2014-05-21 12:35:03.512 HelloCordova[8661:70b] [CDVTimer][keyboard] 0.127017ms
2014-05-21 12:35:03.513 HelloCordova[8661:70b] CDVPlugin class CDVStatusBar (pluginName: statusbar) does not exist.
2014-05-21 12:35:03.515 HelloCordova[8661:70b] [CDVTimer][statusbar] 1.788020ms
2014-05-21 12:35:03.516 HelloCordova[8661:70b] [CDVTimer][TotalPluginStartup] 4.023969ms
2014-05-21 12:35:03.788 HelloCordova[8661:70b] Resetting plugins due to page load.
2014-05-21 12:35:04.392 HelloCordova[8661:70b] Finished load of: file:///Users/Maskinen/Library/Application%20Support/iPhone%20Simulator/7.1/Applications/A1F918ED-B7B0-4F80-9F7E-35614DD2C9C1/HelloCordova.app/www/index.html#/tab/map
2014-05-21 12:35:39.621 HelloCordova[8661:70b] Camera.getPicture: source type 1 not available.
2014-05-21 12:35:43.961 HelloCordova[8661:70b] THREAD WARNING: ['Camera'] took '4345.151123' ms. Plugin should use a background thread.
2014-05-21 13:28:46.598 HelloCordova[9887:70b] Multi-tasking -> Device: YES, App: YES
2014-05-21 13:28:46.635 HelloCordova[9887:70b] Unlimited access to network resources
2014-05-21 13:28:46.868 HelloCordova[9887:70b] [CDVTimer][keyboard] 0.091016ms
2014-05-21 13:28:46.868 HelloCordova[9887:70b] CDVPlugin class CDVStatusBar (pluginName: statusbar) does not exist.
2014-05-21 13:28:46.869 HelloCordova[9887:70b] [CDVTimer][statusbar] 0.597000ms
2014-05-21 13:28:46.870 HelloCordova[9887:70b] [CDVTimer][TotalPluginStartup] 1.791000ms
2014-05-21 13:28:47.075 HelloCordova[9887:70b] Resetting plugins due to page load.
2014-05-21 13:28:47.593 HelloCordova[9887:70b] Finished load of: file:///Users/Maskinen/Library/Application%20Support/iPhone%20Simulator/7.1/Applications/A1F918ED-B7B0-4F80-9F7E-35614DD2C9C1/HelloCordova.app/www/index.html#/tab/map
2014-05-21 13:30:30.854 HelloCordova[10292:70b] Multi-tasking -> Device: YES, App: YES
2014-05-21 13:30:30.893 HelloCordova[10292:70b] Unlimited access to network resources
2014-05-21 13:30:31.150 HelloCordova[10292:70b] [CDVTimer][keyboard] 0.091016ms
2014-05-21 13:30:31.150 HelloCordova[10292:70b] CDVPlugin class CDVStatusBar (pluginName: statusbar) does not exist.
2014-05-21 13:30:31.151 HelloCordova[10292:70b] [CDVTimer][statusbar] 0.479996ms
2014-05-21 13:30:31.151 HelloCordova[10292:70b] [CDVTimer][TotalPluginStartup] 1.684964ms
2014-05-21 13:30:31.341 HelloCordova[10292:70b] Resetting plugins due to page load.
2014-05-21 13:30:32.098 HelloCordova[10292:70b] Finished load of: file:///Users/Maskinen/Library/Application%20Support/iPhone%20Simulator/7.1/Applications/A1F918ED-B7B0-4F80-9F7E-35614DD2C9C1/HelloCordova.app/www/index.html#/tab/map
2014-05-21 13:44:16.706 HelloCordova[10928:70b] Multi-tasking -> Device: YES, App: YES
2014-05-21 13:44:16.852 HelloCordova[10928:70b] Unlimited access to network resources
2014-05-21 13:44:17.331 HelloCordova[10928:70b] [CDVTimer][keyboard] 0.151992ms
2014-05-21 13:44:17.332 HelloCordova[10928:70b] CDVPlugin class CDVStatusBar (pluginName: statusbar) does not exist.
2014-05-21 13:44:17.333 HelloCordova[10928:70b] [CDVTimer][statusbar] 0.735998ms
2014-05-21 13:44:17.334 HelloCordova[10928:70b] [CDVTimer][TotalPluginStartup] 2.480030ms
2014-05-21 13:44:17.633 HelloCordova[10928:70b] Resetting plugins due to page load.
2014-05-21 13:44:18.520 HelloCordova[10928:70b] Finished load of: file:///Users/Maskinen/Library/Application%20Support/iPhone%20Simulator/7.1/Applications/A1F918ED-B7B0-4F80-9F7E-35614DD2C9C1/HelloCordova.app/www/index.html#/tab/map
2014-05-21 13:44:36.459 HelloCordova[10928:70b] THREAD WARNING: ['Compass'] took '13378.450195' ms. Plugin should use a background thread.
2014-05-21 13:44:36.463 HelloCordova[10928:4103] void SendDelegateMessage(NSInvocation *): delegate (webView:decidePolicyForNavigationAction:request:frame:decisionListener:) failed to return after waiting 10 seconds. main run loop mode: kCFRunLoopDefaultMode
2014-05-21 13:45:53.301 HelloCordova[10928:70b] THREAD WARNING: ['Compass'] took '72700.578857' ms. Plugin should use a background thread.
2014-05-21 13:45:53.304 HelloCordova[10928:4103] void SendDelegateMessage(NSInvocation *): delegate (webView:decidePolicyForNavigationAction:request:frame:decisionListener:) failed to return after waiting 10 seconds. main run loop mode: kCFRunLoopDefaultMode
2014-05-21 13:52:08.837 HelloCordova[10928:70b] THREAD WARNING: ['Geolocation'] took '27.513916' ms. Plugin should use a background thread.
2014-05-21 13:52:13.510 HelloCordova[10928:70b] THREAD WARNING: ['Compass'] took '2258.822021' ms. Plugin should use a background thread.
2014-05-21 13:52:16.994 HelloCordova[10928:70b] Camera.getPicture: source type 1 not available.
2014-05-21 13:52:21.892 HelloCordova[10928:70b] THREAD WARNING: ['Camera'] took '4933.570068' ms. Plugin should use a background thread.
2014-05-21 13:54:31.314 HelloCordova[10928:70b] THREAD WARNING: ['Compass'] took '1741.817871' ms. Plugin should use a background thread.
2014-05-21 14:14:27.699 HelloCordova[10928:70b] THREAD WARNING: ['Compass'] took '2124.209717' ms. Plugin should use a background thread.
2014-05-30 16:51:49.102 HelloCordova[5715:70b] Multi-tasking -> Device: YES, App: YES
2014-05-30 16:51:49.132 HelloCordova[5715:70b] Unlimited access to network resources
2014-05-30 16:51:49.612 HelloCordova[5715:70b] [CDVTimer][keyboard] 1.627982ms
2014-05-30 16:51:49.613 HelloCordova[5715:70b] CDVPlugin class CDVStatusBar (pluginName: statusbar) does not exist.
2014-05-30 16:51:49.613 HelloCordova[5715:70b] [CDVTimer][statusbar] 0.653982ms
2014-05-30 16:51:49.615 HelloCordova[5715:70b] [CDVTimer][TotalPluginStartup] 4.953980ms
2014-05-30 16:51:49.975 HelloCordova[5715:70b] Resetting plugins due to page load.
2014-05-30 16:51:50.995 HelloCordova[5715:70b] Finished load of: file:///Users/Maskinen/Library/Application%20Support/iPhone%20Simulator/7.1/Applications/A1F918ED-B7B0-4F80-9F7E-35614DD2C9C1/HelloCordova.app/www/index.html#/app/map
2014-05-30 16:52:09.075 HelloCordova[5715:70b] THREAD WARNING: ['Compass'] took '4661.728027' ms. Plugin should use a background thread.
2014-05-30 16:52:14.357 HelloCordova[5715:70b] THREAD WARNING: ['Compass'] took '2285.536133' ms. Plugin should use a background thread.
2014-06-17 11:22:07.355 HelloCordova[12964:70b] Multi-tasking -> Device: YES, App: YES
2014-06-17 11:22:07.382 HelloCordova[12964:70b] Unlimited access to network resources
2014-06-17 11:22:07.847 HelloCordova[12964:70b] [CDVTimer][keyboard] 0.126004ms
2014-06-17 11:22:07.848 HelloCordova[12964:70b] CDVPlugin class CDVStatusBar (pluginName: statusbar) does not exist.
2014-06-17 11:22:07.848 HelloCordova[12964:70b] [CDVTimer][statusbar] 0.622988ms
2014-06-17 11:22:07.849 HelloCordova[12964:70b] [CDVTimer][TotalPluginStartup] 1.986027ms
2014-06-17 11:22:08.134 HelloCordova[12964:70b] Resetting plugins due to page load.
2014-06-17 11:22:08.909 HelloCordova[12964:70b] Finished load of: file:///Users/Maskinen/Library/Application%20Support/iPhone%20Simulator/7.1/Applications/A1F918ED-B7B0-4F80-9F7E-35614DD2C9C1/HelloCordova.app/www/index.html#/app/map
2014-06-17 11:26:36.435 HelloCordova[13431:70b] Multi-tasking -> Device: YES, App: YES
2014-06-17 11:26:36.452 HelloCordova[13431:70b] Unlimited access to network resources
2014-06-17 11:26:36.537 HelloCordova[13431:70b] [CDVTimer][keyboard] 0.172019ms
2014-06-17 11:26:36.538 HelloCordova[13431:70b] CDVPlugin class CDVStatusBar (pluginName: statusbar) does not exist.
2014-06-17 11:26:36.540 HelloCordova[13431:70b] [CDVTimer][statusbar] 1.307011ms
2014-06-17 11:26:36.541 HelloCordova[13431:70b] [CDVTimer][TotalPluginStartup] 4.239976ms
2014-06-17 11:26:36.748 HelloCordova[13431:70b] Resetting plugins due to page load.
2014-06-17 11:26:38.443 HelloCordova[13431:70b] Finished load of: file:///Users/Maskinen/Library/Application%20Support/iPhone%20Simulator/7.1/Applications/A1F918ED-B7B0-4F80-9F7E-35614DD2C9C1/HelloCordova.app/www/index.html#/app/map
2014-06-17 11:26:50.911 HelloCordova[13431:70b] Simulator slow-motion animations are now on
2014-06-17 11:27:44.948 HelloCordova[13431:4203] void SendDelegateMessage(NSInvocation *): delegate (webView:runJavaScriptAlertPanelWithMessage:initiatedByFrame:) failed to return after waiting 10 seconds. main run loop mode: kCFRunLoopDefaultMode
2014-06-17 13:39:40.458 HelloCordova[23485:70b] Multi-tasking -> Device: YES, App: YES
2014-06-17 13:39:40.498 HelloCordova[23485:70b] Unlimited access to network resources
2014-06-17 13:39:40.747 HelloCordova[23485:70b] [CDVTimer][keyboard] 0.119984ms
2014-06-17 13:39:40.748 HelloCordova[23485:70b] CDVPlugin class CDVStatusBar (pluginName: statusbar) does not exist.
2014-06-17 13:39:40.748 HelloCordova[23485:70b] [CDVTimer][statusbar] 0.569999ms
2014-06-17 13:39:40.749 HelloCordova[23485:70b] [CDVTimer][TotalPluginStartup] 1.985013ms
2014-06-17 13:39:40.944 HelloCordova[23485:70b] Resetting plugins due to page load.
2014-06-17 13:39:41.611 HelloCordova[23485:70b] Finished load of: file:///Users/Maskinen/Library/Application%20Support/iPhone%20Simulator/7.1/Applications/A1F918ED-B7B0-4F80-9F7E-35614DD2C9C1/HelloCordova.app/www/index.html#/app/map
2014-06-17 13:39:46.594 HelloCordova[23485:70b] in else state
2014-06-17 13:39:51.271 HelloCordova[23485:70b] in else state
2014-06-17 13:40:14.194 HelloCordova[23485:70b] in else state
2014-06-17 13:40:20.858 HelloCordova[23485:70b] in else state
2014-06-17 13:40:21.918 HelloCordova[23485:70b] in else state
2014-06-17 13:40:23.500 HelloCordova[23485:70b] in else state
2014-06-17 13:40:24.940 HelloCordova[23485:70b] in else state
